19:49:33.770 [main] INFO  testCases.TC_002_LoginTest - **** TC_002_LoginTest is Started ****
19:49:33.859 [main] INFO  testCases.TC_002_LoginTest - ==== Click on MyAccount ====
19:49:34.215 [main] INFO  testCases.TC_002_LoginTest - ==== Click on Login ====
19:49:34.218 [main] INFO  testCases.TC_002_LoginTest - ==== Sending Data From properties file to Login Page ====
19:49:34.467 [main] INFO  testCases.TC_002_LoginTest - ==== Click on Login Button ====
19:49:34.468 [main] INFO  testCases.TC_002_LoginTest - ==== Validating Login Sucessfully or Not ====
19:51:01.461 [main] INFO  testCases.TC_002_LoginTest - **** TC_002_LoginTest is Started ****
19:51:01.560 [main] INFO  testCases.TC_002_LoginTest - ==== Click on MyAccount ====
19:51:01.915 [main] INFO  testCases.TC_002_LoginTest - ==== Click on Login ====
19:51:01.917 [main] INFO  testCases.TC_002_LoginTest - ==== Sending Data From properties file to Login Page ====
19:51:02.177 [main] INFO  testCases.TC_002_LoginTest - ==== Click on Login Button ====
19:51:02.178 [main] INFO  testCases.TC_002_LoginTest - ==== Validating Login Sucessfully or Not ====
19:52:07.587 [main] INFO  testCases.TC_002_LoginTest - **** TC_002_LoginTest is Started ****
19:52:07.669 [main] INFO  testCases.TC_002_LoginTest - ==== Click on MyAccount ====
19:52:08.021 [main] INFO  testCases.TC_002_LoginTest - ==== Click on Login ====
19:52:08.024 [main] INFO  testCases.TC_002_LoginTest - ==== Sending Data From properties file to Login Page ====
19:52:08.277 [main] INFO  testCases.TC_002_LoginTest - ==== Click on Login Button ====
19:52:08.280 [main] INFO  testCases.TC_002_LoginTest - ==== Validating Login Sucessfully or Not ====
19:53:35.299 [main] INFO  testCases.TC_002_LoginTest - **** TC_002_LoginTest is Started ****
19:53:35.388 [main] INFO  testCases.TC_002_LoginTest - ==== Click on MyAccount ====
19:53:35.752 [main] INFO  testCases.TC_002_LoginTest - ==== Click on Login ====
19:53:35.754 [main] INFO  testCases.TC_002_LoginTest - ==== Sending Data From properties file to Login Page ====
19:53:35.999 [main] INFO  testCases.TC_002_LoginTest - ==== Click on Login Button ====
19:53:36.001 [main] INFO  testCases.TC_002_LoginTest - ==== Validating Login Sucessfully or Not ====
22:57:25.249 [main] INFO  testCases.TC_003_LoginDDT - **** TC_002_LoginTest is Started ****
22:57:25.372 [main] INFO  testCases.TC_003_LoginDDT - ==== Click on MyAccount ====
22:57:25.814 [main] INFO  testCases.TC_003_LoginDDT - ==== Click on Login ====
22:57:25.818 [main] INFO  testCases.TC_003_LoginDDT - ==== Sending Data From Excel sheet file to Login Page ====
22:57:26.171 [main] INFO  testCases.TC_003_LoginDDT - ==== Click on Login Button ====
22:57:26.173 [main] INFO  testCases.TC_003_LoginDDT - ==== Validating Login Sucessfully or Not ====
22:57:36.499 [main] INFO  testCases.TC_003_LoginDDT - **** TC_002_LoginTest is Started ****
22:57:36.616 [main] INFO  testCases.TC_003_LoginDDT - ==== Click on MyAccount ====
22:57:37.103 [main] INFO  testCases.TC_003_LoginDDT - ==== Click on Login ====
22:57:37.103 [main] INFO  testCases.TC_003_LoginDDT - ==== Sending Data From Excel sheet file to Login Page ====
22:57:37.413 [main] INFO  testCases.TC_003_LoginDDT - ==== Click on Login Button ====
22:57:37.414 [main] INFO  testCases.TC_003_LoginDDT - ==== Validating Login Sucessfully or Not ====
22:57:47.467 [main] INFO  testCases.TC_003_LoginDDT - **** TC_002_LoginTest is Started ****
22:57:47.542 [main] INFO  testCases.TC_003_LoginDDT - ==== Click on MyAccount ====
22:57:47.933 [main] INFO  testCases.TC_003_LoginDDT - ==== Click on Login ====
22:57:47.935 [main] INFO  testCases.TC_003_LoginDDT - ==== Sending Data From Excel sheet file to Login Page ====
22:57:48.250 [main] INFO  testCases.TC_003_LoginDDT - ==== Click on Login Button ====
22:57:48.251 [main] INFO  testCases.TC_003_LoginDDT - ==== Validating Login Sucessfully or Not ====
22:57:58.322 [main] INFO  testCases.TC_003_LoginDDT - **** TC_002_LoginTest is Started ****
22:57:58.412 [main] INFO  testCases.TC_003_LoginDDT - ==== Click on MyAccount ====
22:57:58.913 [main] INFO  testCases.TC_003_LoginDDT - ==== Click on Login ====
22:57:58.913 [main] INFO  testCases.TC_003_LoginDDT - ==== Sending Data From Excel sheet file to Login Page ====
22:57:59.229 [main] INFO  testCases.TC_003_LoginDDT - ==== Click on Login Button ====
22:57:59.229 [main] INFO  testCases.TC_003_LoginDDT - ==== Validating Login Sucessfully or Not ====
22:58:09.254 [main] INFO  testCases.TC_003_LoginDDT - **** TC_002_LoginTest is Started ****
22:58:09.340 [main] INFO  testCases.TC_003_LoginDDT - ==== Click on MyAccount ====
22:58:09.763 [main] INFO  testCases.TC_003_LoginDDT - ==== Click on Login ====
22:58:09.763 [main] INFO  testCases.TC_003_LoginDDT - ==== Sending Data From Excel sheet file to Login Page ====
22:58:10.086 [main] INFO  testCases.TC_003_LoginDDT - ==== Click on Login Button ====
22:58:10.086 [main] INFO  testCases.TC_003_LoginDDT - ==== Validating Login Sucessfully or Not ====
23:03:00.159 [main] INFO  testCases.TC_003_LoginDDT - **** TC_002_LoginDDT is Started ****
23:03:00.310 [main] INFO  testCases.TC_003_LoginDDT - ==== Click on MyAccount ====
23:03:00.717 [main] INFO  testCases.TC_003_LoginDDT - ==== Click on Login ====
23:03:00.723 [main] INFO  testCases.TC_003_LoginDDT - ==== Sending Data From Excel sheet file to Login Page ====
23:03:01.065 [main] INFO  testCases.TC_003_LoginDDT - ==== Click on Login Button ====
23:03:01.067 [main] INFO  testCases.TC_003_LoginDDT - ==== Validating Login with both Act Page displayed and Status from Excel ====
23:03:11.390 [main] INFO  testCases.TC_003_LoginDDT - **** TC_002_LoginDDT is Started ****
23:03:11.462 [main] INFO  testCases.TC_003_LoginDDT - ==== Click on MyAccount ====
23:03:11.937 [main] INFO  testCases.TC_003_LoginDDT - ==== Click on Login ====
23:03:11.937 [main] INFO  testCases.TC_003_LoginDDT - ==== Sending Data From Excel sheet file to Login Page ====
23:03:12.269 [main] INFO  testCases.TC_003_LoginDDT - ==== Click on Login Button ====
23:03:12.270 [main] INFO  testCases.TC_003_LoginDDT - ==== Validating Login with both Act Page displayed and Status from Excel ====
23:03:22.281 [main] INFO  testCases.TC_003_LoginDDT - **** TC_002_LoginDDT is Finished ****
23:03:22.287 [main] INFO  testCases.TC_003_LoginDDT - **** TC_002_LoginDDT is Started ****
23:03:22.355 [main] INFO  testCases.TC_003_LoginDDT - ==== Click on MyAccount ====
23:03:22.816 [main] INFO  testCases.TC_003_LoginDDT - ==== Click on Login ====
23:03:22.816 [main] INFO  testCases.TC_003_LoginDDT - ==== Sending Data From Excel sheet file to Login Page ====
23:03:23.117 [main] INFO  testCases.TC_003_LoginDDT - ==== Click on Login Button ====
23:03:23.118 [main] INFO  testCases.TC_003_LoginDDT - ==== Validating Login with both Act Page displayed and Status from Excel ====
23:03:33.145 [main] INFO  testCases.TC_003_LoginDDT - **** TC_002_LoginDDT is Finished ****
23:03:33.149 [main] INFO  testCases.TC_003_LoginDDT - **** TC_002_LoginDDT is Started ****
23:03:33.222 [main] INFO  testCases.TC_003_LoginDDT - ==== Click on MyAccount ====
23:03:33.768 [main] INFO  testCases.TC_003_LoginDDT - ==== Click on Login ====
23:03:33.769 [main] INFO  testCases.TC_003_LoginDDT - ==== Sending Data From Excel sheet file to Login Page ====
23:03:34.074 [main] INFO  testCases.TC_003_LoginDDT - ==== Click on Login Button ====
23:03:34.074 [main] INFO  testCases.TC_003_LoginDDT - ==== Validating Login with both Act Page displayed and Status from Excel ====
23:03:44.142 [main] INFO  testCases.TC_003_LoginDDT - **** TC_002_LoginDDT is Finished ****
23:03:44.146 [main] INFO  testCases.TC_003_LoginDDT - **** TC_002_LoginDDT is Started ****
23:03:44.231 [main] INFO  testCases.TC_003_LoginDDT - ==== Click on MyAccount ====
23:03:44.725 [main] INFO  testCases.TC_003_LoginDDT - ==== Click on Login ====
23:03:44.726 [main] INFO  testCases.TC_003_LoginDDT - ==== Sending Data From Excel sheet file to Login Page ====
23:03:45.048 [main] INFO  testCases.TC_003_LoginDDT - ==== Click on Login Button ====
23:03:45.049 [main] INFO  testCases.TC_003_LoginDDT - ==== Validating Login with both Act Page displayed and Status from Excel ====
00:05:13.399 [main] INFO  testCases.TC_001_AccountRegistrationTest - ***  Starting TC_001_AccountRegistrationTest ***
00:05:13.538 [main] INFO  testCases.TC_001_AccountRegistrationTest - === Clicked on My Account ===
00:05:14.338 [main] INFO  testCases.TC_001_AccountRegistrationTest - === Clicked on Register ===
00:05:14.343 [main] INFO  testCases.TC_001_AccountRegistrationTest - === Providing Registration Data ===
00:05:16.132 [main] ERROR testCases.TC_001_AccountRegistrationTest - Test Failed
00:05:18.880 [main] INFO  testCases.TC_002_LoginTest - **** TC_002_LoginTest is Started ****
00:05:18.980 [main] INFO  testCases.TC_002_LoginTest - ==== Click on MyAccount ====
00:05:19.421 [main] INFO  testCases.TC_002_LoginTest - ==== Click on Login ====
00:05:19.425 [main] INFO  testCases.TC_002_LoginTest - ==== Sending Data From properties file to Login Page ====
00:05:19.766 [main] INFO  testCases.TC_002_LoginTest - ==== Click on Login Button ====
00:05:19.769 [main] INFO  testCases.TC_002_LoginTest - ==== Validating Login Sucessfully or Not ====
00:06:20.937 [main] INFO  testCases.TC_001_AccountRegistrationTest - ***  Starting TC_001_AccountRegistrationTest ***
00:06:21.040 [main] INFO  testCases.TC_001_AccountRegistrationTest - === Clicked on My Account ===
00:06:21.798 [main] INFO  testCases.TC_001_AccountRegistrationTest - === Clicked on Register ===
00:06:21.801 [main] INFO  testCases.TC_001_AccountRegistrationTest - === Providing Registration Data ===
00:06:23.451 [main] ERROR testCases.TC_001_AccountRegistrationTest - Test Failed
00:06:26.529 [main] INFO  testCases.TC_002_LoginTest - **** TC_002_LoginTest is Started ****
00:06:26.617 [main] INFO  testCases.TC_002_LoginTest - ==== Click on MyAccount ====
00:06:27.193 [main] INFO  testCases.TC_002_LoginTest - ==== Click on Login ====
00:06:27.196 [main] INFO  testCases.TC_002_LoginTest - ==== Sending Data From properties file to Login Page ====
00:06:27.552 [main] INFO  testCases.TC_002_LoginTest - ==== Click on Login Button ====
00:06:27.555 [main] INFO  testCases.TC_002_LoginTest - ==== Validating Login Sucessfully or Not ====
01:46:41.607 [main] INFO  testCases.TC_003_LoginDDT - **** TC_002_LoginDDT is Started ****
01:46:41.732 [main] INFO  testCases.TC_003_LoginDDT - ==== Click on MyAccount ====
01:46:42.130 [main] INFO  testCases.TC_003_LoginDDT - ==== Click on Login ====
01:46:42.137 [main] INFO  testCases.TC_003_LoginDDT - ==== Sending Data From Excel sheet file to Login Page ====
01:46:42.467 [main] INFO  testCases.TC_003_LoginDDT - ==== Click on Login Button ====
01:46:42.469 [main] INFO  testCases.TC_003_LoginDDT - ==== Validating Login with both Act Page displayed and Status from Excel ====
01:46:52.911 [main] INFO  testCases.TC_003_LoginDDT - **** TC_002_LoginDDT is Started ****
01:46:52.989 [main] INFO  testCases.TC_003_LoginDDT - ==== Click on MyAccount ====
01:46:53.383 [main] INFO  testCases.TC_003_LoginDDT - ==== Click on Login ====
01:46:53.385 [main] INFO  testCases.TC_003_LoginDDT - ==== Sending Data From Excel sheet file to Login Page ====
01:46:53.728 [main] INFO  testCases.TC_003_LoginDDT - ==== Click on Login Button ====
01:46:53.729 [main] INFO  testCases.TC_003_LoginDDT - ==== Validating Login with both Act Page displayed and Status from Excel ====
01:47:03.777 [main] INFO  testCases.TC_003_LoginDDT - **** TC_002_LoginDDT is Finished ****
01:47:03.782 [main] INFO  testCases.TC_003_LoginDDT - **** TC_002_LoginDDT is Started ****
01:47:03.857 [main] INFO  testCases.TC_003_LoginDDT - ==== Click on MyAccount ====
01:47:04.315 [main] INFO  testCases.TC_003_LoginDDT - ==== Click on Login ====
01:47:04.316 [main] INFO  testCases.TC_003_LoginDDT - ==== Sending Data From Excel sheet file to Login Page ====
01:47:04.612 [main] INFO  testCases.TC_003_LoginDDT - ==== Click on Login Button ====
01:47:04.612 [main] INFO  testCases.TC_003_LoginDDT - ==== Validating Login with both Act Page displayed and Status from Excel ====
01:47:14.680 [main] INFO  testCases.TC_003_LoginDDT - **** TC_002_LoginDDT is Finished ****
01:47:14.686 [main] INFO  testCases.TC_003_LoginDDT - **** TC_002_LoginDDT is Started ****
01:47:14.761 [main] INFO  testCases.TC_003_LoginDDT - ==== Click on MyAccount ====
01:47:15.258 [main] INFO  testCases.TC_003_LoginDDT - ==== Click on Login ====
01:47:15.259 [main] INFO  testCases.TC_003_LoginDDT - ==== Sending Data From Excel sheet file to Login Page ====
01:47:15.540 [main] INFO  testCases.TC_003_LoginDDT - ==== Click on Login Button ====
01:47:15.541 [main] INFO  testCases.TC_003_LoginDDT - ==== Validating Login with both Act Page displayed and Status from Excel ====
01:47:25.557 [main] INFO  testCases.TC_003_LoginDDT - **** TC_002_LoginDDT is Finished ****
01:47:25.560 [main] INFO  testCases.TC_003_LoginDDT - **** TC_002_LoginDDT is Started ****
01:47:25.630 [main] INFO  testCases.TC_003_LoginDDT - ==== Click on MyAccount ====
01:47:26.106 [main] INFO  testCases.TC_003_LoginDDT - ==== Click on Login ====
01:47:26.107 [main] INFO  testCases.TC_003_LoginDDT - ==== Sending Data From Excel sheet file to Login Page ====
01:47:26.408 [main] INFO  testCases.TC_003_LoginDDT - ==== Click on Login Button ====
01:47:26.409 [main] INFO  testCases.TC_003_LoginDDT - ==== Validating Login with both Act Page displayed and Status from Excel ====
01:49:22.511 [main] INFO  testCases.TC_001_AccountRegistrationTest - ***  Starting TC_001_AccountRegistrationTest ***
01:49:22.641 [main] INFO  testCases.TC_001_AccountRegistrationTest - === Clicked on My Account ===
01:49:23.486 [main] INFO  testCases.TC_001_AccountRegistrationTest - === Clicked on Register ===
01:49:23.489 [main] INFO  testCases.TC_001_AccountRegistrationTest - === Providing Registration Data ===
01:49:25.299 [main] ERROR testCases.TC_001_AccountRegistrationTest - Test Failed
01:49:30.301 [main] INFO  testCases.TC_002_LoginTest - **** TC_002_LoginTest is Started ****
01:49:30.397 [main] INFO  testCases.TC_002_LoginTest - ==== Click on MyAccount ====
01:49:30.887 [main] INFO  testCases.TC_002_LoginTest - ==== Click on Login ====
01:49:30.891 [main] INFO  testCases.TC_002_LoginTest - ==== Sending Data From properties file to Login Page ====
01:49:31.269 [main] INFO  testCases.TC_002_LoginTest - ==== Click on Login Button ====
01:49:31.272 [main] INFO  testCases.TC_002_LoginTest - ==== Validating Login Sucessfully or Not ====
01:49:45.834 [main] INFO  testCases.TC_003_LoginDDT - **** TC_002_LoginDDT is Started ****
01:49:45.918 [main] INFO  testCases.TC_003_LoginDDT - ==== Click on MyAccount ====
01:49:46.349 [main] INFO  testCases.TC_003_LoginDDT - ==== Click on Login ====
01:49:46.349 [main] INFO  testCases.TC_003_LoginDDT - ==== Sending Data From Excel sheet file to Login Page ====
01:49:46.738 [main] INFO  testCases.TC_003_LoginDDT - ==== Click on Login Button ====
01:49:46.739 [main] INFO  testCases.TC_003_LoginDDT - ==== Validating Login with both Act Page displayed and Status from Excel ====
01:49:56.989 [main] INFO  testCases.TC_003_LoginDDT - **** TC_002_LoginDDT is Started ****
01:49:57.064 [main] INFO  testCases.TC_003_LoginDDT - ==== Click on MyAccount ====
01:49:57.618 [main] INFO  testCases.TC_003_LoginDDT - ==== Click on Login ====
01:49:57.618 [main] INFO  testCases.TC_003_LoginDDT - ==== Sending Data From Excel sheet file to Login Page ====
01:49:57.933 [main] INFO  testCases.TC_003_LoginDDT - ==== Click on Login Button ====
01:49:57.933 [main] INFO  testCases.TC_003_LoginDDT - ==== Validating Login with both Act Page displayed and Status from Excel ====
01:50:07.994 [main] INFO  testCases.TC_003_LoginDDT - **** TC_002_LoginDDT is Finished ****
01:50:07.994 [main] INFO  testCases.TC_003_LoginDDT - **** TC_002_LoginDDT is Started ****
01:50:08.057 [main] INFO  testCases.TC_003_LoginDDT - ==== Click on MyAccount ====
01:50:08.427 [main] INFO  testCases.TC_003_LoginDDT - ==== Click on Login ====
01:50:08.433 [main] INFO  testCases.TC_003_LoginDDT - ==== Sending Data From Excel sheet file to Login Page ====
01:50:08.697 [main] INFO  testCases.TC_003_LoginDDT - ==== Click on Login Button ====
01:50:08.697 [main] INFO  testCases.TC_003_LoginDDT - ==== Validating Login with both Act Page displayed and Status from Excel ====
01:50:18.726 [main] INFO  testCases.TC_003_LoginDDT - **** TC_002_LoginDDT is Finished ****
01:50:18.727 [main] INFO  testCases.TC_003_LoginDDT - **** TC_002_LoginDDT is Started ****
01:50:18.797 [main] INFO  testCases.TC_003_LoginDDT - ==== Click on MyAccount ====
01:50:19.272 [main] INFO  testCases.TC_003_LoginDDT - ==== Click on Login ====
01:50:19.278 [main] INFO  testCases.TC_003_LoginDDT - ==== Sending Data From Excel sheet file to Login Page ====
01:50:19.580 [main] INFO  testCases.TC_003_LoginDDT - ==== Click on Login Button ====
01:50:19.581 [main] INFO  testCases.TC_003_LoginDDT - ==== Validating Login with both Act Page displayed and Status from Excel ====
01:50:29.590 [main] INFO  testCases.TC_003_LoginDDT - **** TC_002_LoginDDT is Finished ****
01:50:29.601 [main] INFO  testCases.TC_003_LoginDDT - **** TC_002_LoginDDT is Started ****
01:50:29.678 [main] INFO  testCases.TC_003_LoginDDT - ==== Click on MyAccount ====
01:50:30.141 [main] INFO  testCases.TC_003_LoginDDT - ==== Click on Login ====
01:50:30.143 [main] INFO  testCases.TC_003_LoginDDT - ==== Sending Data From Excel sheet file to Login Page ====
01:50:30.462 [main] INFO  testCases.TC_003_LoginDDT - ==== Click on Login Button ====
01:50:30.463 [main] INFO  testCases.TC_003_LoginDDT - ==== Validating Login with both Act Page displayed and Status from Excel ====
02:28:55.276 [main] INFO  testCases.TC_001_AccountRegistrationTest - ***  Starting TC_001_AccountRegistrationTest ***
02:28:55.357 [main] INFO  testCases.TC_001_AccountRegistrationTest - === Clicked on My Account ===
02:28:55.934 [main] INFO  testCases.TC_001_AccountRegistrationTest - === Clicked on Register ===
02:28:55.936 [main] INFO  testCases.TC_001_AccountRegistrationTest - === Providing Registration Data ===
02:28:57.385 [main] ERROR testCases.TC_001_AccountRegistrationTest - Test Failed
02:28:59.457 [main] INFO  testCases.TC_002_LoginTest - **** TC_002_LoginTest is Started ****
02:28:59.512 [main] INFO  testCases.TC_002_LoginTest - ==== Click on MyAccount ====
02:28:59.873 [main] INFO  testCases.TC_002_LoginTest - ==== Click on Login ====
02:28:59.875 [main] INFO  testCases.TC_002_LoginTest - ==== Sending Data From properties file to Login Page ====
02:29:00.100 [main] INFO  testCases.TC_002_LoginTest - ==== Click on Login Button ====
02:29:00.102 [main] INFO  testCases.TC_002_LoginTest - ==== Validating Login Sucessfully or Not ====
02:29:13.179 [main] INFO  testCases.TC_003_LoginDDT - **** TC_002_LoginDDT is Started ****
02:29:13.245 [main] INFO  testCases.TC_003_LoginDDT - ==== Click on MyAccount ====
02:29:13.590 [main] INFO  testCases.TC_003_LoginDDT - ==== Click on Login ====
02:29:13.590 [main] INFO  testCases.TC_003_LoginDDT - ==== Sending Data From Excel sheet file to Login Page ====
02:29:13.822 [main] INFO  testCases.TC_003_LoginDDT - ==== Click on Login Button ====
02:29:13.822 [main] INFO  testCases.TC_003_LoginDDT - ==== Validating Login with both Act Page displayed and Status from Excel ====
02:29:24.028 [main] INFO  testCases.TC_003_LoginDDT - **** TC_002_LoginDDT is Started ****
02:29:24.081 [main] INFO  testCases.TC_003_LoginDDT - ==== Click on MyAccount ====
02:29:24.394 [main] INFO  testCases.TC_003_LoginDDT - ==== Click on Login ====
02:29:24.394 [main] INFO  testCases.TC_003_LoginDDT - ==== Sending Data From Excel sheet file to Login Page ====
02:29:24.574 [main] INFO  testCases.TC_003_LoginDDT - ==== Click on Login Button ====
02:29:24.575 [main] INFO  testCases.TC_003_LoginDDT - ==== Validating Login with both Act Page displayed and Status from Excel ====
02:29:34.602 [main] INFO  testCases.TC_003_LoginDDT - **** TC_002_LoginDDT is Finished ****
02:29:34.602 [main] INFO  testCases.TC_003_LoginDDT - **** TC_002_LoginDDT is Started ****
02:29:34.656 [main] INFO  testCases.TC_003_LoginDDT - ==== Click on MyAccount ====
02:29:34.976 [main] INFO  testCases.TC_003_LoginDDT - ==== Click on Login ====
02:29:34.976 [main] INFO  testCases.TC_003_LoginDDT - ==== Sending Data From Excel sheet file to Login Page ====
02:29:35.157 [main] INFO  testCases.TC_003_LoginDDT - ==== Click on Login Button ====
02:29:35.157 [main] INFO  testCases.TC_003_LoginDDT - ==== Validating Login with both Act Page displayed and Status from Excel ====
02:29:45.171 [main] INFO  testCases.TC_003_LoginDDT - **** TC_002_LoginDDT is Finished ****
02:29:45.171 [main] INFO  testCases.TC_003_LoginDDT - **** TC_002_LoginDDT is Started ****
02:29:45.232 [main] INFO  testCases.TC_003_LoginDDT - ==== Click on MyAccount ====
02:29:45.550 [main] INFO  testCases.TC_003_LoginDDT - ==== Click on Login ====
02:29:45.550 [main] INFO  testCases.TC_003_LoginDDT - ==== Sending Data From Excel sheet file to Login Page ====
02:29:45.733 [main] INFO  testCases.TC_003_LoginDDT - ==== Click on Login Button ====
02:29:45.733 [main] INFO  testCases.TC_003_LoginDDT - ==== Validating Login with both Act Page displayed and Status from Excel ====
02:29:55.791 [main] INFO  testCases.TC_003_LoginDDT - **** TC_002_LoginDDT is Finished ****
02:29:55.791 [main] INFO  testCases.TC_003_LoginDDT - **** TC_002_LoginDDT is Started ****
02:29:55.846 [main] INFO  testCases.TC_003_LoginDDT - ==== Click on MyAccount ====
02:29:56.158 [main] INFO  testCases.TC_003_LoginDDT - ==== Click on Login ====
02:29:56.158 [main] INFO  testCases.TC_003_LoginDDT - ==== Sending Data From Excel sheet file to Login Page ====
02:29:56.343 [main] INFO  testCases.TC_003_LoginDDT - ==== Click on Login Button ====
02:29:56.344 [main] INFO  testCases.TC_003_LoginDDT - ==== Validating Login with both Act Page displayed and Status from Excel ====
